Embarked_S (72.2783)
male Embarked_S (49.4949)
male (64.7587)
Survived_0 male (52.5253)
Survived_0 Embarked_S male (40.853)
Survived_0 Embarked_S (47.9237)
Survived_0 (61.6162)
Pclass_3 Survived_0 (41.7508)
Pclass_3 Embarked_S Survived_0 (32.0988)
Pclass_3 Embarked_S (39.6184)
Pclass_3 male Survived_0 (33.67)
Pclass_3 male Embarked_S Survived_0 (25.9259)
Pclass_3 male Embarked_S (29.7419)
Pclass_3 male (38.945)
Pclass_3 (55.1066)
Age(21-40) Embarked_S (34.119)
Age(21-40) male Embarked_S (22.5589)
Age(21-40) male (27.9461)
Age(21-40) Survived_0 Embarked_S (21.7733)
Age(21-40) Survived_0 male Embarked_S (18.9675)
Age(21-40) Survived_0 male (22.7834)
Age(21-40) Survived_0 (26.0382)
Age(21-40) Pclass_3 Embarked_S (18.2941)
Age(21-40) Pclass_3 male Embarked_S (13.9169)
Age(21-40) Pclass_3 male (16.3861)
Age(21-40) Pclass_3 Survived_0 Embarked_S (14.2536)
Age(21-40) Pclass_3 Survived_0 male Embarked_S (12.009)
Age(21-40) Pclass_3 Survived_0 male (14.0292)
Age(21-40) Pclass_3 Survived_0 (16.7228)
Age(21-40) Pclass_3 (21.5488)
Age(21-40) (43.2099)
Survived_1 Embarked_S (24.3547)
Survived_1 Age(21-40) Embarked_S (12.3457)
Survived_1 Age(21-40) (17.1717)
Survived_1 Pclass_3 (13.3558)
Survived_1 male (12.2334)
Survived_1 (38.3838)
female Survived_1 (26.1504)
female Embarked_S Survived_1 (15.7127)
female Embarked_S (22.7834)
female Pclass_3 (16.1616)
female Age(21-40) Survived_1 (12.009)
female Age(21-40) (15.2637)
female (35.2413)
Pclass_1 Survived_1 (15.2637)
Pclass_1 Embarked_S (14.2536)
Pclass_1 male (13.6925)
Pclass_1 (24.2424)
Pclass_2 Embarked_S (18.4063)
Pclass_2 male (12.1212)
Pclass_2 (20.651)
Embarked_C (18.8552)
Age(41-65) Embarked_S (12.1212)
Age(41-65) (15.9371)
Age(10-20) (12.9068)
