38 (43.4343)
63 38 (16.1616)
63 (32.3232)
87 38 (12.1212)
87 63 (9.09091)
87 (27.2727)
36 38 (15.1515)
36 63 38 (7.07071)
36 63 (12.1212)
36 87 38 (6.06061)
36 87 (8.08081)
36 (27.2727)
69 38 (11.1111)
69 87 (9.09091)
69 63 (8.08081)
69 36 (7.07071)
69 (26.2626)
48 38 (16.1616)
48 69 38 (5.05051)
48 69 (8.08081)
48 36 38 (5.05051)
48 36 (8.08081)
48 63 38 (6.06061)
48 63 36 (5.05051)
48 63 (8.08081)
48 87 38 (5.05051)
48 87 (6.06061)
48 (24.2424)
85 87 (9.09091)
85 38 (8.08081)
85 69 38 (5.05051)
85 69 (7.07071)
85 63 (6.06061)
85 36 (5.05051)
85 (22.2222)
81 69 (8.08081)
81 38 (8.08081)
81 36 (7.07071)
81 87 (7.07071)
81 (21.2121)
8 38 (11.1111)
8 85 (8.08081)
8 63 38 (6.06061)
8 63 (8.08081)
8 69 (6.06061)
8 87 (6.06061)
8 48 (5.05051)
8 36 38 (5.05051)
8 36 (5.05051)
8 (21.2121)
17 63 (9.09091)
17 36 63 (6.06061)
17 36 (8.08081)
17 8 (7.07071)
17 38 (7.07071)
17 48 36 (5.05051)
17 48 (7.07071)
17 85 (6.06061)
17 (20.202)
11 38 (8.08081)
11 63 (8.08081)
11 81 (7.07071)
11 17 (6.06061)
11 36 (6.06061)
11 48 (5.05051)
11 (20.202)
43 63 (11.1111)
43 38 63 (8.08081)
43 38 (10.101)
43 48 63 (7.07071)
43 48 38 63 (6.06061)
43 48 38 (7.07071)
43 48 (9.09091)
43 36 63 (6.06061)
43 36 38 63 (5.05051)
43 36 38 (7.07071)
43 36 48 (5.05051)
43 36 (9.09091)
43 8 38 (5.05051)
43 8 (7.07071)
43 17 63 (5.05051)
43 17 (6.06061)
43 87 (6.06061)
43 69 (5.05051)
43 (19.1919)
28 38 (7.07071)
28 36 (7.07071)
28 87 (6.06061)
28 48 (5.05051)
28 69 (5.05051)
28 (19.1919)
83 38 (7.07071)
83 63 (7.07071)
83 17 (6.06061)
83 48 (6.06061)
83 81 (5.05051)
83 85 (5.05051)
83 69 (5.05051)
83 36 (5.05051)
83 (18.1818)
3 38 (8.08081)
3 11 (6.06061)
3 17 (6.06061)
3 43 (5.05051)
3 8 (5.05051)
3 48 (5.05051)
3 36 (5.05051)
3 63 (5.05051)
3 (17.1717)
80 38 (9.09091)
80 3 (7.07071)
80 48 (6.06061)
80 11 (5.05051)
80 87 (5.05051)
80 (17.1717)
35 38 (10.101)
35 36 (7.07071)
35 63 38 (7.07071)
35 63 (7.07071)
35 85 (6.06061)
35 69 (6.06061)
35 48 (5.05051)
35 87 (5.05051)
35 (17.1717)
61 3 (8.08081)
61 38 (7.07071)
61 80 3 (5.05051)
61 80 (7.07071)
61 63 (7.07071)
61 43 (6.06061)
61 48 (6.06061)
61 36 63 (5.05051)
61 36 (6.06061)
61 35 (5.05051)
61 (16.1616)
40 38 (8.08081)
40 43 (5.05051)
40 8 (5.05051)
40 85 (5.05051)
40 48 (5.05051)
40 (16.1616)
72 87 (7.07071)
72 8 (5.05051)
72 69 (5.05051)
72 38 (5.05051)
72 (16.1616)
89 38 (6.06061)
89 87 (6.06061)
89 72 (5.05051)
89 80 (5.05051)
89 28 (5.05051)
89 85 (5.05051)
89 48 (5.05051)
89 (15.1515)
39 87 (8.08081)
39 28 (6.06061)
39 72 (5.05051)
39 8 (5.05051)
39 85 (5.05051)
39 69 (5.05051)
39 (15.1515)
74 38 (7.07071)
74 48 (6.06061)
74 40 (5.05051)
74 69 (5.05051)
74 36 (5.05051)
74 63 (5.05051)
74 (15.1515)
93 38 (7.07071)
93 69 (7.07071)
93 89 (5.05051)
93 85 (5.05051)
93 48 (5.05051)
93 (15.1515)
86 35 (5.05051)
86 28 (5.05051)
86 48 (5.05051)
86 87 (5.05051)
86 (14.1414)
62 63 (9.09091)
62 38 63 (5.05051)
62 38 (7.07071)
62 36 (5.05051)
62 87 63 (5.05051)
62 87 (5.05051)
62 (14.1414)
14 38 (10.101)
14 36 38 (5.05051)
14 36 (7.07071)
14 11 (5.05051)
14 (14.1414)
12 38 (8.08081)
12 63 (6.06061)
12 85 (5.05051)
12 48 (5.05051)
12 87 (5.05051)
12 (14.1414)
23 11 (5.05051)
23 69 (5.05051)
23 36 (5.05051)
23 38 (5.05051)
23 (13.1313)
25 38 (8.08081)
25 72 (5.05051)
25 36 (5.05051)
25 87 (5.05051)
25 63 (5.05051)
25 (13.1313)
95 85 (6.06061)
95 72 (6.06061)
95 3 (6.06061)
95 23 (5.05051)
95 (13.1313)
47 38 (7.07071)
47 80 (6.06061)
47 3 (5.05051)
47 (13.1313)
71 38 (7.07071)
71 87 (7.07071)
71 80 (5.05051)
71 36 (5.05051)
71 (13.1313)
51 63 (6.06061)
51 25 (5.05051)
51 36 (5.05051)
51 87 (5.05051)
51 38 (5.05051)
51 (13.1313)
78 36 (7.07071)
78 38 (7.07071)
78 (12.1212)
29 11 (5.05051)
29 (12.1212)
7 85 (5.05051)
7 69 (5.05051)
7 (12.1212)
21 80 (6.06061)
21 63 (5.05051)
21 (12.1212)
57 85 (5.05051)
57 (11.1111)
9 36 (6.06061)
9 17 (5.05051)
9 48 (5.05051)
9 38 (5.05051)
9 (11.1111)
13 (11.1111)
5 40 (5.05051)
5 87 (5.05051)
5 (11.1111)
33 87 (7.07071)
33 63 (6.06061)
33 (11.1111)
52 36 (6.06061)
52 (10.101)
66 85 (5.05051)
66 (9.09091)
42 (9.09091)
0 11 (6.06061)
0 (9.09091)
68 38 (6.06061)
68 36 (5.05051)
68 (9.09091)
67 (8.08081)
97 38 (5.05051)
97 (8.08081)
26 63 (5.05051)
26 (8.08081)
73 (8.08081)
91 (7.07071)
50 (7.07071)
45 (7.07071)
4 38 (5.05051)
4 (7.07071)
34 (6.06061)
90 (6.06061)
27 (6.06061)
18 (6.06061)
31 (6.06061)
70 (5.05051)
6 (5.05051)
96 (5.05051)
20 (5.05051)
92 (5.05051)
46 (5.05051)
49 (5.05051)
55 (5.05051)
