38 (37.9065)
63 38 (14.2276)
63 (36.3821)
87 38 (14.7358)
87 63 38 (5.58943)
87 63 (13.6179)
87 (35.3659)
69 63 (11.7886)
69 38 (11.2805)
69 87 (10.2642)
69 (30.2846)
36 38 (10.874)
36 63 (10.874)
36 87 (10.3659)
36 69 (9.34959)
36 (27.2358)
8 87 (8.94309)
8 38 (8.84146)
8 63 (8.43496)
8 36 (7.11382)
8 69 (6.80894)
8 (23.0691)
48 69 (9.04472)
48 87 (8.73984)
48 38 (8.53659)
48 63 (8.33333)
48 36 (7.0122)
48 8 (6.19919)
48 (22.9675)
28 38 (9.14634)
28 63 (8.63821)
28 87 (7.72358)
28 36 (7.62195)
28 69 (6.60569)
28 48 (5.58943)
28 8 (5.58943)
28 (21.0366)
85 38 (7.72358)
85 69 (7.0122)
85 63 (7.0122)
85 87 (6.60569)
85 36 (5.69106)
85 (20.122)
3 38 (7.92683)
3 87 (7.62195)
3 63 (6.70732)
3 36 (5.89431)
3 69 (5.69106)
3 8 (5.18293)
3 (19.9187)
17 38 (7.62195)
17 87 (7.52033)
17 63 (6.91057)
17 36 (6.30081)
17 69 (5.18293)
17 8 (5.0813)
17 (19.7154)
11 38 (8.23171)
11 63 (6.50407)
11 87 (5.58943)
11 36 (5.38618)
11 (17.8862)
47 63 (7.11382)
47 87 (6.91057)
47 38 (6.40244)
47 36 (5.79268)
47 (17.8862)
83 63 (6.60569)
83 38 (6.19919)
83 87 (5.58943)
83 36 (5.4878)
83 69 (5.4878)
83 (16.9715)
80 38 (6.70732)
80 87 (6.60569)
80 63 (5.99593)
80 69 (5.0813)
80 (16.8699)
43 87 (6.91057)
43 63 (6.60569)
43 38 (6.09756)
43 69 (5.28455)
43 (16.4634)
39 87 (7.0122)
39 38 (6.40244)
39 63 (5.99593)
39 (15.9553)
9 87 (6.80894)
9 63 (6.40244)
9 38 (5.69106)
9 (15.752)
81 38 (6.60569)
81 87 (5.89431)
81 69 (5.79268)
81 63 (5.69106)
81 36 (5.38618)
81 (15.752)
40 38 (5.58943)
40 87 (5.0813)
40 (15.752)
14 38 (6.70732)
14 63 (6.09756)
14 87 (5.28455)
14 (15.6504)
61 38 (6.50407)
61 63 (6.19919)
61 (15.5488)
86 38 (6.60569)
86 87 (6.30081)
86 69 (5.4878)
86 (15.4472)
62 87 (6.91057)
62 38 (6.91057)
62 63 (6.40244)
62 (15.2439)
67 63 (6.50407)
67 38 (6.40244)
67 69 (5.99593)
67 87 (5.38618)
67 (14.939)
29 38 (5.79268)
29 87 (5.58943)
29 69 (5.28455)
29 (14.4309)
78 63 (5.89431)
78 38 (5.4878)
78 36 (5.18293)
78 (14.4309)
23 38 (5.89431)
23 (14.0244)
51 63 (5.4878)
51 38 (5.38618)
51 87 (5.28455)
51 (13.8211)
72 87 (5.79268)
72 63 (5.58943)
72 38 (5.28455)
72 (13.8211)
71 38 (5.79268)
71 87 (5.69106)
71 (13.5163)
35 63 (6.40244)
35 38 (5.89431)
35 87 (5.4878)
35 (13.4146)
93 38 (5.69106)
93 87 (5.28455)
93 (13.1098)
73 38 (5.58943)
73 87 (5.28455)
73 (13.0081)
89 (13.0081)
7 38 (5.0813)
7 (11.4837)
52 (11.0772)
95 (10.7724)
21 (10.5691)
97 (9.55285)
33 (9.45122)
26 (9.34959)
66 (9.34959)
42 (9.04472)
34 (8.94309)
74 (8.94309)
12 (8.73984)
25 (8.23171)
68 (8.02846)
70 (7.92683)
0 (7.8252)
5 (7.72358)
60 (7.62195)
18 (7.4187)
49 (7.31707)
13 (7.21545)
6 (6.91057)
50 (6.91057)
10 (6.70732)
57 (6.50407)
53 (6.40244)
90 (6.30081)
45 (5.89431)
24 (5.58943)
55 (5.58943)
19 (5.4878)
4 (5.38618)
41 (5.18293)
31 (5.0813)
