Embarked_S <- (72.2783,72.2783)
Embarked_S <- male(49.4949,76.4298)
Embarked_S <- Survived_0(47.9237,77.7778)
Embarked_S <- Survived_0 male(40.853,77.7778)
male <- Survived_0 Embarked_S(40.853,85.2459)
Survived_0 <- male Embarked_S(40.853,82.5397)
male <- Survived_0(52.5253,85.2459)
Survived_0 <- male(52.5253,81.1092)
Embarked_S <- Pclass_3(39.6184,71.8941)
Embarked_S <- Pclass_3 male(29.7419,76.3689)
male <- Pclass_3 Embarked_S(29.7419,75.0708)
male <- Pclass_3(38.945,70.6721)
Embarked_S <- Pclass_3 Survived_0(32.0988,76.8817)
Survived_0 <- Pclass_3 Embarked_S(32.0988,81.0198)
Embarked_S <- Pclass_3 Survived_0 male(25.9259,77)
male <- Pclass_3 Survived_0 Embarked_S(25.9259,80.7692)
Survived_0 <- Pclass_3 male Embarked_S(25.9259,87.1698)
male <- Pclass_3 Survived_0(33.67,80.6452)
Survived_0 <- Pclass_3 male(33.67,86.4553)
Survived_0 <- Pclass_3(41.7508,75.7637)
Embarked_S <- Age(21-40)(34.119,78.961)
Embarked_S <- Age(21-40) male(22.5589,80.7229)
Embarked_S <- Age(21-40) Survived_0(21.7733,83.6207)
Embarked_S <- Age(21-40) Survived_0 male(18.9675,83.2512)
male <- Age(21-40) Survived_0 Embarked_S(18.9675,87.1134)
Survived_0 <- Age(21-40) male Embarked_S(18.9675,84.0796)
male <- Age(21-40) Survived_0(22.7834,87.5)
Survived_0 <- Age(21-40) male(22.7834,81.5261)
Embarked_S <- Age(21-40) Pclass_3(18.2941,84.8958)
Embarked_S <- Age(21-40) Pclass_3 male(13.9169,84.9315)
male <- Age(21-40) Pclass_3 Embarked_S(13.9169,76.0736)
male <- Age(21-40) Pclass_3(16.3861,76.0417)
Embarked_S <- Age(21-40) Pclass_3 Survived_0(14.2536,85.2349)
Survived_0 <- Age(21-40) Pclass_3 Embarked_S(14.2536,77.9141)
Embarked_S <- Age(21-40) Pclass_3 Survived_0 male(12.009,85.6)
male <- Age(21-40) Pclass_3 Survived_0 Embarked_S(12.009,84.252)
Survived_0 <- Age(21-40) Pclass_3 male Embarked_S(12.009,86.2903)
male <- Age(21-40) Pclass_3 Survived_0(14.0292,83.8926)
Survived_0 <- Age(21-40) Pclass_3 male(14.0292,85.6164)
Survived_0 <- Age(21-40) Pclass_3(16.7228,77.6042)
Embarked_S <- Survived_1 Age(21-40)(12.3457,71.8954)
Survived_1 <- female Age(21-40)(12.009,78.6765)
Survived_1 <- female(26.1504,74.2038)
Embarked_S <- Pclass_2(18.4063,89.1304)
Embarked_S <- Age(41-65)(12.1212,76.0563)
