38 <- 63 (32.3232, 50)
38 <- 36 (27.2727, 55.5556)
38 <- 36 63 (12.1212, 58.3333)
38 <- 36 87 (8.08081, 75)
36 <- 87 38 (12.1212, 50)
38 <- 69 63 (8.08081, 50)
38 <- 69 36 (7.07071, 57.1429)
38 <- 48 (24.2424, 66.6667)
38 <- 48 63 (8.08081, 75)
38 <- 48 87 (6.06061, 83.3333)
38 <- 48 36 (8.08081, 62.5)
38 <- 48 36 63 (5.05051, 60)
63 <- 48 36 38 (5.05051, 60)
36 <- 48 63 38 (6.06061, 50)
63 <- 48 36 (8.08081, 62.5)
36 <- 48 63 (8.08081, 62.5)
38 <- 48 69 (8.08081, 62.5)
38 <- 85 63 (6.06061, 50)
38 <- 85 36 (5.05051, 60)
38 <- 85 69 (7.07071, 71.4286)
69 <- 85 38 (8.08081, 62.5)
36 <- 85 69 38 (5.05051, 60)
69 <- 85 36 (5.05051, 60)
48 <- 85 38 (8.08081, 50)
87 <- 81 69 (8.08081, 50)
69 <- 81 87 (7.07071, 57.1429)
38 <- 8 (21.2121, 52.381)
38 <- 8 63 (8.08081, 75)
63 <- 8 38 (11.1111, 54.5455)
38 <- 8 36 (5.05051, 100)
63 <- 8 36 38 (5.05051, 80)
36 <- 8 63 38 (6.06061, 66.6667)
8 <- 36 63 38 (7.07071, 57.1429)
63 <- 8 36 (5.05051, 80)
36 <- 8 63 (8.08081, 50)
38 <- 8 69 (6.06061, 66.6667)
38 <- 8 48 (5.05051, 80)
48 <- 8 63 38 (6.06061, 50)
8 <- 48 63 38 (6.06061, 50)
63 <- 8 48 (5.05051, 60)
48 <- 8 36 38 (5.05051, 60)
8 <- 48 36 38 (5.05051, 60)
36 <- 8 48 (5.05051, 60)
48 <- 8 36 (5.05051, 60)
38 <- 8 85 (8.08081, 50)
8 <- 85 38 (8.08081, 50)
8 <- 85 63 (6.06061, 50)
85 <- 8 87 (6.06061, 50)
8 <- 85 69 38 (5.05051, 60)
69 <- 8 85 (8.08081, 50)
85 <- 8 69 (6.06061, 66.6667)
8 <- 85 69 (7.07071, 57.1429)
63 <- 17 38 (7.07071, 57.1429)
38 <- 17 36 (8.08081, 50)
36 <- 17 38 (7.07071, 57.1429)
38 <- 17 36 63 (6.06061, 66.6667)
17 <- 36 63 38 (7.07071, 57.1429)
63 <- 17 36 (8.08081, 75)
36 <- 17 63 (9.09091, 66.6667)
17 <- 36 63 (12.1212, 50)
63 <- 17 48 (7.07071, 57.1429)
17 <- 48 63 (8.08081, 50)
63 <- 17 48 36 (5.05051, 80)
48 <- 17 36 63 (6.06061, 66.6667)
17 <- 48 36 63 (5.05051, 80)
36 <- 17 48 (7.07071, 71.4286)
48 <- 17 36 (8.08081, 62.5)
17 <- 48 36 (8.08081, 62.5)
87 <- 17 85 (6.06061, 50)
17 <- 8 63 38 (6.06061, 50)
63 <- 17 8 (7.07071, 57.1429)
17 <- 8 63 (8.08081, 50)
17 <- 8 36 38 (5.05051, 60)
8 <- 17 36 63 (6.06061, 50)
17 <- 8 36 (5.05051, 60)
8 <- 17 85 (6.06061, 50)
38 <- 11 63 (8.08081, 50)
63 <- 11 38 (8.08081, 50)
38 <- 11 36 (6.06061, 50)
38 <- 11 48 (5.05051, 60)
36 <- 11 48 (5.05051, 60)
48 <- 11 36 (6.06061, 50)
38 <- 11 17 (6.06061, 50)
63 <- 11 17 (6.06061, 50)
36 <- 11 17 (6.06061, 50)
17 <- 11 36 (6.06061, 50)
11 <- 17 48 36 (5.05051, 60)
48 <- 11 17 (6.06061, 50)
17 <- 11 48 (5.05051, 60)
38 <- 43 (19.1919, 52.6316)
38 <- 43 63 (11.1111, 72.7273)
63 <- 43 38 (10.101, 80)
43 <- 63 38 (16.1616, 50)
63 <- 43 (19.1919, 57.8947)
38 <- 43 87 (6.06061, 66.6667)
63 <- 43 87 (6.06061, 50)
38 <- 43 36 (9.09091, 77.7778)
36 <- 43 38 (10.101, 70)
38 <- 43 36 63 (6.06061, 83.3333)
63 <- 43 36 38 (7.07071, 71.4286)
36 <- 43 63 38 (8.08081, 62.5)
43 <- 36 63 38 (7.07071, 71.4286)
63 <- 43 36 (9.09091, 66.6667)
36 <- 43 63 (11.1111, 54.5455)
43 <- 36 63 (12.1212, 50)
38 <- 43 48 (9.09091, 77.7778)
48 <- 43 38 (10.101, 70)
38 <- 43 48 63 (7.07071, 85.7143)
63 <- 43 48 38 (7.07071, 85.7143)
48 <- 43 63 38 (8.08081, 75)
43 <- 48 63 38 (6.06061, 100)
63 <- 43 48 (9.09091, 77.7778)
48 <- 43 63 (11.1111, 63.6364)
43 <- 48 63 (8.08081, 87.5)
43 <- 48 87 38 (5.05051, 60)
48 <- 43 87 (6.06061, 50)
43 <- 48 87 (6.06061, 50)
38 <- 43 48 36 (5.05051, 80)
36 <- 43 48 38 (7.07071, 57.1429)
48 <- 43 36 38 (7.07071, 57.1429)
43 <- 48 36 38 (5.05051, 80)
36 <- 43 48 63 38 (6.06061, 50)
48 <- 43 36 63 38 (5.05051, 60)
63 <- 43 48 36 (5.05051, 80)
36 <- 43 48 63 (7.07071, 57.1429)
48 <- 43 36 63 (6.06061, 66.6667)
43 <- 48 36 63 (5.05051, 80)
36 <- 43 48 (9.09091, 55.5556)
48 <- 43 36 (9.09091, 55.5556)
43 <- 48 36 (8.08081, 62.5)
81 <- 43 69 (5.05051, 60)
38 <- 43 8 (7.07071, 71.4286)
8 <- 43 38 (10.101, 50)
63 <- 43 8 38 (5.05051, 80)
8 <- 43 63 38 (8.08081, 50)
43 <- 8 63 38 (6.06061, 66.6667)
63 <- 43 8 (7.07071, 57.1429)
43 <- 8 63 (8.08081, 50)
8 <- 43 87 (6.06061, 50)
43 <- 8 87 (6.06061, 50)
36 <- 43 8 38 (5.05051, 80)
8 <- 43 36 38 (7.07071, 57.1429)
43 <- 8 36 38 (5.05051, 80)
8 <- 43 36 63 38 (5.05051, 60)
8 <- 43 36 63 (6.06061, 50)
36 <- 43 8 (7.07071, 57.1429)
43 <- 8 36 (5.05051, 80)
48 <- 43 8 38 (5.05051, 80)
8 <- 43 48 38 (7.07071, 57.1429)
8 <- 43 48 63 38 (6.06061, 50)
8 <- 43 48 36 (5.05051, 60)
48 <- 43 8 (7.07071, 57.1429)
43 <- 8 48 (5.05051, 80)
38 <- 43 17 (6.06061, 50)
38 <- 43 17 63 (5.05051, 60)
63 <- 43 17 (6.06061, 83.3333)
43 <- 17 63 (9.09091, 55.5556)
17 <- 43 36 63 38 (5.05051, 60)
36 <- 43 17 63 (5.05051, 80)
17 <- 43 36 63 (6.06061, 66.6667)
43 <- 17 36 63 (6.06061, 66.6667)
36 <- 43 17 (6.06061, 66.6667)
43 <- 17 36 (8.08081, 50)
48 <- 43 17 63 (5.05051, 60)
17 <- 43 48 36 (5.05051, 60)
43 <- 17 48 36 (5.05051, 60)
48 <- 43 17 (6.06061, 50)
43 <- 11 36 (6.06061, 50)
11 <- 43 17 63 (5.05051, 60)
11 <- 43 17 (6.06061, 50)
43 <- 11 17 (6.06061, 50)
38 <- 28 87 (6.06061, 50)
87 <- 28 69 (5.05051, 60)
69 <- 28 87 (6.06061, 50)
38 <- 28 48 (5.05051, 60)
28 <- 48 87 38 (5.05051, 60)
87 <- 28 48 (5.05051, 80)
48 <- 28 87 (6.06061, 66.6667)
28 <- 48 87 (6.06061, 66.6667)
28 <- 11 36 (6.06061, 50)
63 <- 83 36 (5.05051, 60)
38 <- 83 69 (5.05051, 80)
69 <- 83 38 (7.07071, 57.1429)
38 <- 83 48 (6.06061, 50)
36 <- 83 48 (6.06061, 50)
48 <- 83 36 (5.05051, 60)
69 <- 83 48 (6.06061, 50)
48 <- 83 69 (5.05051, 60)
63 <- 83 17 (6.06061, 50)
36 <- 83 17 (6.06061, 50)
17 <- 83 36 (5.05051, 60)
48 <- 83 17 (6.06061, 50)
17 <- 83 48 (6.06061, 50)
38 <- 3 63 (5.05051, 60)
38 <- 3 36 (5.05051, 80)
36 <- 3 38 (8.08081, 50)
63 <- 3 36 (5.05051, 60)
36 <- 3 63 (5.05051, 60)
38 <- 3 8 (5.05051, 80)
8 <- 3 38 (8.08081, 50)
3 <- 8 63 38 (6.06061, 50)
63 <- 3 8 (5.05051, 60)
8 <- 3 63 (5.05051, 60)
38 <- 3 17 (6.06061, 50)
63 <- 3 17 (6.06061, 50)
17 <- 3 63 (5.05051, 60)
3 <- 17 36 63 (6.06061, 50)
36 <- 3 17 (6.06061, 50)
17 <- 3 36 (5.05051, 60)
85 <- 3 17 (6.06061, 50)
3 <- 17 85 (6.06061, 50)
8 <- 3 17 (6.06061, 50)
17 <- 3 8 (5.05051, 60)
17 <- 3 11 (6.06061, 50)
11 <- 3 17 (6.06061, 50)
3 <- 11 17 (6.06061, 50)
36 <- 3 43 (5.05051, 60)
43 <- 3 36 (5.05051, 60)
48 <- 3 43 (5.05051, 60)
43 <- 3 48 (5.05051, 60)
17 <- 3 43 (5.05051, 60)
43 <- 3 17 (6.06061, 50)
3 <- 43 17 (6.06061, 50)
38 <- 80 (17.1717, 52.9412)
38 <- 80 48 (6.06061, 50)
3 <- 80 48 (6.06061, 50)
80 <- 3 48 (5.05051, 60)
11 <- 80 3 (7.07071, 57.1429)
3 <- 80 11 (5.05051, 80)
80 <- 3 11 (6.06061, 66.6667)
38 <- 35 (17.1717, 58.8235)
38 <- 35 63 (7.07071, 100)
63 <- 35 38 (10.101, 70)
38 <- 35 36 (7.07071, 57.1429)
38 <- 35 69 (6.06061, 66.6667)
38 <- 35 48 (5.05051, 80)
69 <- 35 48 (5.05051, 60)
48 <- 35 69 (6.06061, 50)
87 <- 35 85 (6.06061, 50)
85 <- 35 87 (5.05051, 60)
36 <- 35 85 (6.06061, 50)
35 <- 85 36 (5.05051, 60)
35 <- 8 63 38 (6.06061, 50)
35 <- 3 63 (5.05051, 60)
35 <- 3 8 (5.05051, 60)
38 <- 61 63 (7.07071, 57.1429)
63 <- 61 38 (7.07071, 57.1429)
38 <- 61 36 (6.06061, 66.6667)
36 <- 61 38 (7.07071, 57.1429)
38 <- 61 36 63 (5.05051, 60)
63 <- 61 36 (6.06061, 83.3333)
36 <- 61 63 (7.07071, 71.4286)
38 <- 61 48 (6.06061, 50)
63 <- 61 48 (6.06061, 50)
17 <- 61 36 63 (5.05051, 60)
61 <- 17 36 63 (6.06061, 50)
17 <- 61 36 (6.06061, 50)
38 <- 61 43 (6.06061, 66.6667)
43 <- 61 38 (7.07071, 57.1429)
63 <- 61 43 (6.06061, 66.6667)
43 <- 61 63 (7.07071, 57.1429)
43 <- 61 36 63 (5.05051, 60)
61 <- 43 36 63 (6.06061, 50)
36 <- 61 43 (6.06061, 66.6667)
43 <- 61 36 (6.06061, 66.6667)
48 <- 61 43 (6.06061, 50)
43 <- 61 48 (6.06061, 50)
17 <- 61 43 (6.06061, 50)
61 <- 43 17 (6.06061, 50)
63 <- 61 3 (8.08081, 50)
3 <- 61 63 (7.07071, 57.1429)
61 <- 3 63 (5.05051, 80)
3 <- 61 36 63 (5.05051, 60)
36 <- 61 3 (8.08081, 50)
3 <- 61 36 (6.06061, 66.6667)
61 <- 3 36 (5.05051, 80)
3 <- 61 48 (6.06061, 50)
61 <- 3 48 (5.05051, 60)
17 <- 61 3 (8.08081, 50)
61 <- 3 17 (6.06061, 66.6667)
61 <- 3 11 (6.06061, 50)
43 <- 61 3 (8.08081, 50)
3 <- 61 43 (6.06061, 66.6667)
61 <- 3 43 (5.05051, 80)
3 <- 61 (16.1616, 50)
80 <- 61 48 (6.06061, 50)
61 <- 80 48 (6.06061, 50)
61 <- 80 11 (5.05051, 60)
11 <- 61 80 3 (5.05051, 60)
3 <- 61 80 (7.07071, 71.4286)
80 <- 61 3 (8.08081, 62.5)
61 <- 80 3 (7.07071, 71.4286)
38 <- 61 35 (5.05051, 80)
35 <- 61 38 (7.07071, 57.1429)
63 <- 61 35 (5.05051, 60)
69 <- 61 35 (5.05051, 60)
61 <- 35 69 (6.06061, 50)
48 <- 61 35 (5.05051, 60)
35 <- 61 48 (6.06061, 50)
61 <- 35 48 (5.05051, 60)
85 <- 61 35 (5.05051, 60)
61 <- 35 85 (6.06061, 50)
8 <- 61 35 (5.05051, 60)
38 <- 40 (16.1616, 50)
38 <- 40 48 (5.05051, 80)
48 <- 40 38 (8.08081, 50)
63 <- 40 85 (5.05051, 60)
40 <- 85 63 (6.06061, 50)
85 <- 40 8 (5.05051, 60)
8 <- 40 85 (5.05051, 60)
38 <- 40 43 (5.05051, 80)
43 <- 40 38 (8.08081, 50)
63 <- 40 43 (5.05051, 60)
36 <- 40 43 (5.05051, 60)
61 <- 40 38 (8.08081, 50)
40 <- 61 38 (7.07071, 57.1429)
61 <- 40 43 (5.05051, 60)
40 <- 61 43 (6.06061, 50)
87 <- 72 38 (5.05051, 60)
87 <- 72 8 (5.05051, 60)
72 <- 8 87 (6.06061, 50)
38 <- 89 48 (5.05051, 80)
48 <- 89 38 (6.06061, 66.6667)
87 <- 89 48 (5.05051, 60)
48 <- 89 87 (6.06061, 50)
89 <- 48 87 (6.06061, 50)
87 <- 89 85 (5.05051, 60)
85 <- 89 87 (6.06061, 50)
8 <- 89 87 (6.06061, 50)
89 <- 8 87 (6.06061, 50)
38 <- 89 28 (5.05051, 60)
28 <- 89 38 (6.06061, 50)
87 <- 89 28 (5.05051, 60)
28 <- 89 87 (6.06061, 50)
89 <- 28 87 (6.06061, 50)
48 <- 89 28 (5.05051, 60)
28 <- 89 48 (5.05051, 60)
89 <- 28 48 (5.05051, 60)
83 <- 89 85 (5.05051, 60)
89 <- 83 85 (5.05051, 60)
87 <- 39 (15.1515, 53.3333)
87 <- 39 69 (5.05051, 60)
87 <- 39 85 (5.05051, 80)
85 <- 39 87 (8.08081, 50)
63 <- 39 28 (6.06061, 50)
87 <- 39 28 (6.06061, 50)
39 <- 28 87 (6.06061, 50)
87 <- 39 72 (5.05051, 60)
61 <- 39 72 (5.05051, 60)
38 <- 74 63 (5.05051, 60)
38 <- 74 36 (5.05051, 60)
63 <- 74 36 (5.05051, 80)
36 <- 74 63 (5.05051, 80)
87 <- 74 36 (5.05051, 60)
38 <- 74 69 (5.05051, 60)
38 <- 74 48 (6.06061, 50)
69 <- 74 48 (6.06061, 50)
48 <- 74 69 (5.05051, 60)
43 <- 74 69 (5.05051, 60)
74 <- 43 69 (5.05051, 60)
43 <- 74 48 (6.06061, 50)
83 <- 74 63 (5.05051, 60)
38 <- 74 40 (5.05051, 80)
40 <- 74 38 (7.07071, 57.1429)
74 <- 40 38 (8.08081, 50)
48 <- 74 40 (5.05051, 80)
40 <- 74 48 (6.06061, 66.6667)
74 <- 40 48 (5.05051, 80)
38 <- 93 69 (7.07071, 57.1429)
69 <- 93 38 (7.07071, 57.1429)
38 <- 93 48 (5.05051, 80)
48 <- 93 38 (7.07071, 57.1429)
93 <- 28 69 (5.05051, 60)
83 <- 93 85 (5.05051, 60)
93 <- 83 85 (5.05051, 60)
93 <- 74 40 (5.05051, 60)
69 <- 86 48 (5.05051, 60)
38 <- 62 (14.1414, 50)
38 <- 62 63 (9.09091, 55.5556)
63 <- 62 38 (7.07071, 71.4286)
63 <- 62 (14.1414, 64.2857)
38 <- 62 87 (5.05051, 60)
38 <- 62 87 63 (5.05051, 60)
87 <- 62 63 38 (5.05051, 60)
63 <- 62 87 (5.05051, 100)
87 <- 62 63 (9.09091, 55.5556)
62 <- 87 63 (9.09091, 55.5556)
63 <- 62 36 (5.05051, 80)
43 <- 62 63 38 (5.05051, 60)
38 <- 14 (14.1414, 71.4286)
38 <- 14 36 (7.07071, 71.4286)
36 <- 14 38 (10.101, 50)
36 <- 14 (14.1414, 50)
81 <- 14 11 (5.05051, 60)
38 <- 12 (14.1414, 57.1429)
38 <- 12 63 (6.06061, 66.6667)
63 <- 12 38 (8.08081, 50)
38 <- 12 87 (5.05051, 60)
63 <- 12 87 (5.05051, 60)
87 <- 12 63 (6.06061, 50)
38 <- 12 48 (5.05051, 80)
48 <- 12 38 (8.08081, 50)
87 <- 12 48 (5.05051, 60)
48 <- 12 87 (5.05051, 60)
12 <- 48 87 (6.06061, 50)
38 <- 12 85 (5.05051, 60)
63 <- 12 85 (5.05051, 60)
85 <- 12 63 (6.06061, 50)
12 <- 85 63 (6.06061, 50)
12 <- 85 69 38 (5.05051, 60)
69 <- 12 85 (5.05051, 60)
12 <- 8 63 38 (6.06061, 50)
8 <- 12 63 (6.06061, 50)
72 <- 12 87 (5.05051, 60)
12 <- 89 28 (5.05051, 60)
62 <- 12 63 (6.06061, 50)
12 <- 62 87 63 (5.05051, 60)
62 <- 12 87 (5.05051, 60)
12 <- 62 87 (5.05051, 60)
38 <- 23 36 (5.05051, 60)
36 <- 23 38 (5.05051, 60)
36 <- 23 69 (5.05051, 60)
69 <- 23 36 (5.05051, 60)
48 <- 23 38 (5.05051, 60)
38 <- 23 11 (5.05051, 60)
11 <- 23 38 (5.05051, 60)
3 <- 23 38 (5.05051, 60)
3 <- 23 11 (5.05051, 60)
23 <- 3 11 (6.06061, 50)
39 <- 23 69 (5.05051, 60)
23 <- 39 69 (5.05051, 60)
38 <- 25 (13.1313, 61.5385)
38 <- 25 63 (5.05051, 60)
38 <- 25 87 (5.05051, 60)
63 <- 25 87 (5.05051, 80)
87 <- 25 63 (5.05051, 80)
38 <- 25 36 (5.05051, 80)
36 <- 25 38 (8.08081, 50)
87 <- 25 72 (5.05051, 60)
72 <- 25 87 (5.05051, 60)
25 <- 62 63 38 (5.05051, 60)
62 <- 25 63 (5.05051, 80)
25 <- 62 87 63 (5.05051, 60)
62 <- 25 87 (5.05051, 60)
25 <- 62 87 (5.05051, 60)
25 <- 14 36 38 (5.05051, 60)
14 <- 25 36 (5.05051, 60)
87 <- 95 85 (6.06061, 50)
38 <- 95 3 (6.06061, 50)
87 <- 95 3 (6.06061, 50)
80 <- 95 3 (6.06061, 50)
85 <- 95 72 (6.06061, 50)
72 <- 95 85 (6.06061, 50)
85 <- 95 23 (5.05051, 60)
23 <- 95 85 (6.06061, 50)
72 <- 95 23 (5.05051, 60)
23 <- 95 72 (6.06061, 50)
38 <- 47 (13.1313, 53.8462)
38 <- 47 80 (6.06061, 66.6667)
80 <- 47 38 (7.07071, 57.1429)
38 <- 71 (13.1313, 53.8462)
38 <- 71 87 (7.07071, 57.1429)
87 <- 71 38 (7.07071, 57.1429)
87 <- 71 (13.1313, 53.8462)
38 <- 71 36 (5.05051, 80)
36 <- 71 38 (7.07071, 57.1429)
71 <- 36 87 38 (6.06061, 66.6667)
87 <- 71 36 (5.05051, 80)
36 <- 71 87 (7.07071, 57.1429)
71 <- 36 87 (8.08081, 50)
71 <- 83 17 (6.06061, 50)
38 <- 71 80 (5.05051, 60)
87 <- 71 80 (5.05051, 60)
71 <- 80 87 (5.05051, 60)
89 <- 71 80 (5.05051, 60)
71 <- 89 80 (5.05051, 60)
71 <- 25 87 (5.05051, 60)
71 <- 95 3 (6.06061, 50)
63 <- 51 87 (5.05051, 80)
87 <- 51 63 (6.06061, 66.6667)
63 <- 51 36 (5.05051, 80)
36 <- 51 63 (6.06061, 66.6667)
62 <- 51 63 (6.06061, 50)
62 <- 51 36 (5.05051, 60)
51 <- 62 36 (5.05051, 60)
38 <- 51 25 (5.05051, 60)
25 <- 51 38 (5.05051, 60)
63 <- 51 25 (5.05051, 60)
25 <- 51 63 (6.06061, 50)
51 <- 25 63 (5.05051, 60)
38 <- 78 (12.1212, 58.3333)
38 <- 78 36 (7.07071, 57.1429)
36 <- 78 38 (7.07071, 57.1429)
78 <- 36 87 38 (6.06061, 50)
87 <- 78 36 (7.07071, 57.1429)
78 <- 36 87 (8.08081, 50)
36 <- 78 (12.1212, 58.3333)
21 <- 3 48 (5.05051, 60)
63 <- 21 80 (6.06061, 50)
80 <- 21 63 (5.05051, 60)
3 <- 21 80 (6.06061, 50)
80 <- 21 (12.1212, 50)
21 <- 61 80 3 (5.05051, 60)
61 <- 21 80 (6.06061, 50)
89 <- 57 85 (5.05051, 60)
57 <- 89 85 (5.05051, 60)
38 <- 9 36 (6.06061, 50)
36 <- 9 38 (5.05051, 60)
36 <- 9 (11.1111, 54.5455)
38 <- 9 48 (5.05051, 60)
48 <- 9 38 (5.05051, 60)
36 <- 9 48 (5.05051, 80)
48 <- 9 36 (6.06061, 66.6667)
9 <- 48 36 (8.08081, 50)
63 <- 9 17 (5.05051, 60)
36 <- 9 17 (5.05051, 60)
17 <- 9 36 (6.06061, 50)
9 <- 17 48 36 (5.05051, 60)
48 <- 9 17 (5.05051, 60)
17 <- 9 48 (5.05051, 60)
8 <- 9 17 (5.05051, 60)
11 <- 9 17 (5.05051, 60)
9 <- 11 17 (6.06061, 50)
28 <- 9 36 (6.06061, 50)
80 <- 9 38 (5.05051, 60)
36 <- 5 87 (5.05051, 80)
5 <- 36 87 (8.08081, 50)
81 <- 5 87 (5.05051, 60)
63 <- 33 (11.1111, 54.5455)
63 <- 33 87 (7.07071, 57.1429)
87 <- 33 63 (6.06061, 66.6667)
87 <- 33 (11.1111, 63.6364)
43 <- 33 63 (6.06061, 50)
33 <- 28 87 (6.06061, 50)
33 <- 83 48 (6.06061, 50)
33 <- 12 87 (5.05051, 60)
25 <- 33 63 (6.06061, 50)
33 <- 25 63 (5.05051, 60)
33 <- 25 87 (5.05051, 60)
36 <- 52 (10.101, 60)
81 <- 52 36 (6.06061, 50)
52 <- 43 17 (6.06061, 50)
78 <- 52 36 (6.06061, 50)
52 <- 5 87 (5.05051, 60)
36 <- 66 85 (5.05051, 60)
66 <- 85 36 (5.05051, 60)
69 <- 66 85 (5.05051, 60)
85 <- 66 (9.09091, 55.5556)
8 <- 66 85 (5.05051, 60)
95 <- 66 85 (5.05051, 60)
66 <- 95 85 (6.06061, 50)
38 <- 0 11 (6.06061, 50)
63 <- 0 11 (6.06061, 50)
11 <- 0 (9.09091, 66.6667)
38 <- 68 (9.09091, 66.6667)
87 <- 68 38 (6.06061, 50)
38 <- 68 36 (5.05051, 60)
36 <- 68 38 (6.06061, 50)
87 <- 68 36 (5.05051, 60)
36 <- 68 (9.09091, 55.5556)
69 <- 68 38 (6.06061, 50)
74 <- 68 36 (5.05051, 60)
68 <- 74 36 (5.05051, 60)
14 <- 68 36 (5.05051, 60)
71 <- 68 38 (6.06061, 50)
71 <- 68 36 (5.05051, 60)
68 <- 71 36 (5.05051, 60)
38 <- 67 (8.08081, 50)
36 <- 67 (8.08081, 50)
69 <- 67 (8.08081, 50)
38 <- 97 (8.08081, 62.5)
63 <- 97 38 (5.05051, 80)
63 <- 97 (8.08081, 50)
87 <- 97 (8.08081, 50)
69 <- 97 (8.08081, 50)
35 <- 97 38 (5.05051, 60)
35 <- 97 (8.08081, 50)
38 <- 26 (8.08081, 50)
63 <- 26 (8.08081, 62.5)
11 <- 26 63 (5.05051, 60)
38 <- 73 (8.08081, 50)
63 <- 73 (8.08081, 50)
85 <- 73 (8.08081, 50)
73 <- 12 63 (6.06061, 50)
38 <- 91 (7.07071, 57.1429)
63 <- 50 (7.07071, 57.1429)
50 <- 12 63 (6.06061, 50)
38 <- 4 (7.07071, 71.4286)
38 <- 34 (6.06061, 66.6667)
87 <- 34 (6.06061, 50)
13 <- 34 (6.06061, 50)
38 <- 90 (6.06061, 50)
36 <- 90 (6.06061, 50)
69 <- 90 (6.06061, 50)
48 <- 90 (6.06061, 50)
90 <- 35 48 (5.05051, 60)
35 <- 90 (6.06061, 50)
36 <- 27 (6.06061, 50)
48 <- 27 (6.06061, 50)
93 <- 27 (6.06061, 50)
14 <- 27 (6.06061, 50)
27 <- 9 36 (6.06061, 50)
9 <- 27 (6.06061, 50)
38 <- 18 (6.06061, 66.6667)
48 <- 18 (6.06061, 50)
81 <- 18 (6.06061, 50)
74 <- 18 (6.06061, 50)
21 <- 31 (6.06061, 50)
63 <- 6 (5.05051, 60)
87 <- 6 (5.05051, 60)
86 <- 96 (5.05051, 60)
38 <- 20 (5.05051, 60)
63 <- 20 (5.05051, 80)
8 <- 20 (5.05051, 60)
38 <- 49 (5.05051, 60)
87 <- 49 (5.05051, 60)
85 <- 49 (5.05051, 60)
47 <- 49 (5.05051, 60)
71 <- 49 (5.05051, 60)
11 <- 92 (5.05051, 80)
92 <- 29 11 (5.05051, 60)
29 <- 92 (5.05051, 60)
38 <- 55 (5.05051, 80)
47 <- 55 (5.05051, 60)
78 <- 55 (5.05051, 60)
38 <- 46 (5.05051, 60)
36 <- 46 (5.05051, 60)
23 <- 46 (5.05051, 60)
