38 <- 36 87(6.06061,75)
38 <- 48(16.1616,66.6667)
38 <- 48 63(6.06061,75)
38 <- 48 87(5.05051,83.3333)
38 <- 48 36(5.05051,62.5)
63 <- 48 36(5.05051,62.5)
36 <- 48 63(5.05051,62.5)
38 <- 48 69(5.05051,62.5)
38 <- 85 69(5.05051,71.4286)
69 <- 85 38(5.05051,62.5)
38 <- 8 63(6.06061,75)
38 <- 8 36(5.05051,100)
63 <- 17 36(6.06061,75)
36 <- 17 63(6.06061,66.6667)
36 <- 17 48(5.05051,71.4286)
48 <- 17 36(5.05051,62.5)
17 <- 48 36(5.05051,62.5)
38 <- 43 63(8.08081,72.7273)
63 <- 43 38(8.08081,80)
38 <- 43 36(7.07071,77.7778)
36 <- 43 38(7.07071,70)
38 <- 43 36 63(5.05051,83.3333)
63 <- 43 36 38(5.05051,71.4286)
36 <- 43 63 38(5.05051,62.5)
43 <- 36 63 38(5.05051,71.4286)
63 <- 43 36(6.06061,66.6667)
38 <- 43 48(7.07071,77.7778)
48 <- 43 38(7.07071,70)
38 <- 43 48 63(6.06061,85.7143)
63 <- 43 48 38(6.06061,85.7143)
48 <- 43 63 38(6.06061,75)
43 <- 48 63 38(6.06061,100)
63 <- 43 48(7.07071,77.7778)
48 <- 43 63(7.07071,63.6364)
43 <- 48 63(7.07071,87.5)
43 <- 48 36(5.05051,62.5)
38 <- 43 8(5.05051,71.4286)
63 <- 43 17(5.05051,83.3333)
38 <- 35 63(7.07071,100)
63 <- 35 38(7.07071,70)
63 <- 61 36(5.05051,83.3333)
36 <- 61 63(5.05051,71.4286)
3 <- 61 80(5.05051,71.4286)
80 <- 61 3(5.05051,62.5)
61 <- 80 3(5.05051,71.4286)
63 <- 62 38(5.05051,71.4286)
63 <- 62(9.09091,64.2857)
63 <- 62 87(5.05051,100)
38 <- 14(10.101,71.4286)
38 <- 14 36(5.05051,71.4286)
38 <- 25(8.08081,61.5385)
87 <- 33(7.07071,63.6364)
36 <- 52(6.06061,60)
11 <- 0(6.06061,66.6667)
38 <- 68(6.06061,66.6667)
38 <- 97(5.05051,62.5)
63 <- 26(5.05051,62.5)
38 <- 4(5.05051,71.4286)
